2024-02-19 09:59:38,739 [Worker-6: Loading available Gradle versions] INFO  o.e.b.c.i.u.g.PublishedGradleVersions - Gradle version information cache is up-to-date. Trying to read.
2024-02-19 10:00:18,155 [Worker-5: Loading available Gradle versions] INFO  o.e.b.c.i.u.g.PublishedGradleVersions - Gradle version information cache is up-to-date. Trying to read.
2024-02-19 10:04:03,497 [Worker-12: Update Maven projects configuration] INFO  o.e.m.c.i.p.ProjectConfigurationManager - Update started
2024-02-19 10:04:04,826 [Worker-12: Update Maven projects configuration] INFO  o.e.m.c.i.l.LifecycleMappingFactory - Using org.eclipse.m2e.jdt.JarLifecycleMapping lifecycle mapping for MavenProject: com.elevenidias:xedfit:0.0.1-SNAPSHOT @ E:\Programação\Projetos\Projetos pessoais\SpringToolsSuit\xedfit-project\xedfit-backend\xedfit\pom.xml.
2024-02-19 10:04:06,718 [Worker-12: Update Maven projects configuration] INFO  o.e.m.j.i.AbstractJavaProjectConfigurator - Adding source folder /xedfit/src/main/java
2024-02-19 10:04:06,719 [Worker-12: Update Maven projects configuration] INFO  o.e.m.j.i.AbstractJavaProjectConfigurator - Adding resource folder /xedfit/src/main/resources
2024-02-19 10:04:06,799 [Worker-12: Update Maven projects configuration] INFO  o.e.m.j.i.AbstractJavaProjectConfigurator - Adding resource folder /xedfit/src/main/resources
2024-02-19 10:04:06,810 [Worker-12: Update Maven projects configuration] INFO  o.e.m.j.i.AbstractJavaProjectConfigurator - Adding source folder /xedfit/src/test/java
2024-02-19 10:04:09,389 [Worker-12: Update Maven projects configuration] INFO  o.e.m.c.i.p.ProjectConfigurationManager - Update completed for 1 poms: local refresh takes 0,00 sec, refresh facades takes 2,00 sec, update config takes 3,00 sec 
2024-02-19 10:19:28,601 [Worker-14: Building] INFO  o.e.m.c.i.l.LifecycleMappingFactory - Using org.eclipse.m2e.jdt.JarLifecycleMapping lifecycle mapping for MavenProject: com.elevenidias:xedfit:0.0.1-SNAPSHOT @ E:\Programação\Projetos\Projetos pessoais\SpringToolsSuit\xedfit-project\xedfit-backend\xedfit\pom.xml.
2024-02-19 10:19:29,400 [Worker-14: Building] INFO  o.a.m.s.f.DefaultMavenResourcesFiltering - Copying 0 resource from src\main\resources to target\classes
2024-02-19 10:19:29,401 [Worker-14: Building] INFO  o.a.m.s.f.DefaultMavenResourcesFiltering - Copying 0 resource from src\main\resources to target\classes
2024-02-19 10:19:29,406 [Worker-14: Building] INFO  o.a.m.s.f.DefaultMavenResourcesFiltering - skip non existing resourceDirectory E:\Programação\Projetos\Projetos pessoais\SpringToolsSuit\xedfit-project\xedfit-backend\xedfit\src\test\resources
2024-02-19 10:19:30,823 [Worker-14: Building] INFO  o.a.m.s.f.DefaultMavenResourcesFiltering - Copying 2 resources from src\main\resources to target\classes
2024-02-19 10:19:30,842 [Worker-14: Building] INFO  o.a.m.s.f.DefaultMavenResourcesFiltering - Copying 0 resource from src\main\resources to target\classes
2024-02-19 10:19:30,845 [Worker-14: Building] INFO  o.a.m.s.f.DefaultMavenResourcesFiltering - skip non existing resourceDirectory E:\Programação\Projetos\Projetos pessoais\SpringToolsSuit\xedfit-project\xedfit-backend\xedfit\src\test\resources
2024-02-19 10:19:43,435 [Worker-20: Updating Maven Project] INFO  o.e.m.c.i.p.ProjectConfigurationManager - Update started
2024-02-19 10:19:43,705 [Worker-20: Updating Maven Project] INFO  o.e.m.c.i.l.LifecycleMappingFactory - Using org.eclipse.m2e.jdt.JarLifecycleMapping lifecycle mapping for MavenProject: com.elevenidias:xedfit:0.0.1-SNAPSHOT @ E:\Programação\Projetos\Projetos pessoais\SpringToolsSuit\xedfit-project\xedfit-backend\xedfit\pom.xml.
2024-02-19 10:19:44,169 [Worker-20: Updating Maven Project] INFO  o.e.m.j.i.AbstractJavaProjectConfigurator - Adding source folder /xedfit/src/main/java
2024-02-19 10:19:44,169 [Worker-20: Updating Maven Project] INFO  o.e.m.j.i.AbstractJavaProjectConfigurator - Adding resource folder /xedfit/src/main/resources
2024-02-19 10:19:44,170 [Worker-20: Updating Maven Project] INFO  o.e.m.j.i.AbstractJavaProjectConfigurator - Adding resource folder /xedfit/src/main/resources
2024-02-19 10:19:44,171 [Worker-20: Updating Maven Project] INFO  o.e.m.j.i.AbstractJavaProjectConfigurator - Adding source folder /xedfit/src/test/java
2024-02-19 10:19:44,525 [Worker-20: Updating Maven Project] INFO  o.e.m.c.i.p.ProjectConfigurationManager - Update completed for 1 poms: local refresh takes 0,00 sec, refresh facades takes 0,00 sec, update config takes 0,00 sec 
2024-02-19 10:39:41,555 [Worker-28: Updating Maven Project] INFO  o.e.m.c.i.p.ProjectConfigurationManager - Update started
2024-02-19 10:39:41,815 [Worker-28: Updating Maven Project] INFO  o.e.m.c.i.l.LifecycleMappingFactory - Using org.eclipse.m2e.jdt.JarLifecycleMapping lifecycle mapping for MavenProject: com.elevenidias:xedfit:0.0.1-SNAPSHOT @ E:\Programação\Projetos\Projetos pessoais\SpringToolsSuit\xedfit-project\xedfit-backend\xedfit\pom.xml.
2024-02-19 10:39:42,326 [Worker-28: Updating Maven Project] INFO  o.e.m.j.i.AbstractJavaProjectConfigurator - Adding source folder /xedfit/src/main/java
2024-02-19 10:39:42,326 [Worker-28: Updating Maven Project] INFO  o.e.m.j.i.AbstractJavaProjectConfigurator - Adding resource folder /xedfit/src/main/resources
2024-02-19 10:39:42,327 [Worker-28: Updating Maven Project] INFO  o.e.m.j.i.AbstractJavaProjectConfigurator - Adding resource folder /xedfit/src/main/resources
2024-02-19 10:39:42,327 [Worker-28: Updating Maven Project] INFO  o.e.m.j.i.AbstractJavaProjectConfigurator - Adding source folder /xedfit/src/test/java
2024-02-19 10:39:42,623 [Worker-28: Updating Maven Project] INFO  o.e.m.c.i.p.ProjectConfigurationManager - Update completed for 1 poms: local refresh takes 0,00 sec, refresh facades takes 0,00 sec, update config takes 0,00 sec 
2024-02-19 11:33:57,624 [Worker-67: Updating Maven Project] INFO  o.e.m.c.i.p.ProjectConfigurationManager - Update started
2024-02-19 11:33:57,922 [Worker-67: Updating Maven Project] INFO  o.e.m.c.i.l.LifecycleMappingFactory - Using org.eclipse.m2e.jdt.JarLifecycleMapping lifecycle mapping for MavenProject: com.elevenidias:xedfit:0.0.1-SNAPSHOT @ E:\Programação\Projetos\Projetos pessoais\SpringToolsSuit\xedfit-project\xedfit-backend\xedfit\pom.xml.
2024-02-19 11:33:58,471 [Worker-67: Updating Maven Project] INFO  o.e.m.j.i.AbstractJavaProjectConfigurator - Adding source folder /xedfit/src/main/java
2024-02-19 11:33:58,471 [Worker-67: Updating Maven Project] INFO  o.e.m.j.i.AbstractJavaProjectConfigurator - Adding resource folder /xedfit/src/main/resources
2024-02-19 11:33:58,472 [Worker-67: Updating Maven Project] INFO  o.e.m.j.i.AbstractJavaProjectConfigurator - Adding resource folder /xedfit/src/main/resources
2024-02-19 11:33:58,472 [Worker-67: Updating Maven Project] INFO  o.e.m.j.i.AbstractJavaProjectConfigurator - Adding source folder /xedfit/src/test/java
2024-02-19 11:33:58,745 [Worker-67: Updating Maven Project] INFO  o.e.m.c.i.p.ProjectConfigurationManager - Update completed for 1 poms: local refresh takes 0,00 sec, refresh facades takes 0,00 sec, update config takes 0,00 sec 
2024-02-19 11:36:05,110 [Worker-65: Building] INFO  o.e.m.c.i.l.LifecycleMappingFactory - Using org.eclipse.m2e.jdt.JarLifecycleMapping lifecycle mapping for MavenProject: com.homework:sbwork:0.0.1-SNAPSHOT @ E:\Programação\Projetos\spring-boot\sbwork\pom.xml.
2024-02-19 11:36:06,147 [Worker-65: Building] INFO  o.a.m.s.f.DefaultMavenResourcesFiltering - Copying 2 resources from src\main\resources to target\classes
2024-02-19 11:36:06,177 [Worker-65: Building] INFO  o.a.m.s.f.DefaultMavenResourcesFiltering - Copying 0 resource from src\main\resources to target\classes
2024-02-19 11:36:06,181 [Worker-65: Building] INFO  o.a.m.s.f.DefaultMavenResourcesFiltering - skip non existing resourceDirectory E:\Programação\Projetos\spring-boot\sbwork\src\test\resources
2024-02-19 11:36:07,186 [Worker-69: Updating Maven Dependencies] INFO  o.e.m.c.i.l.LifecycleMappingFactory - Using org.eclipse.m2e.jdt.JarLifecycleMapping lifecycle mapping for MavenProject: com.homework:sbwork:0.0.1-SNAPSHOT @ E:\Programação\Projetos\spring-boot\sbwork\pom.xml.
2024-02-19 11:36:08,042 [Worker-60: Building] INFO  o.a.m.s.f.DefaultMavenResourcesFiltering - Copying 2 resources from src\main\resources to target\classes
2024-02-19 11:36:08,057 [Worker-60: Building] INFO  o.a.m.s.f.DefaultMavenResourcesFiltering - Copying 0 resource from src\main\resources to target\classes
2024-02-19 11:36:08,060 [Worker-60: Building] INFO  o.a.m.s.f.DefaultMavenResourcesFiltering - skip non existing resourceDirectory E:\Programação\Projetos\spring-boot\sbwork\src\test\resources
2024-02-19 11:38:50,686 [Worker-71: Building] INFO  o.a.m.s.f.DefaultMavenResourcesFiltering - Copying 2 resources from src\main\resources to target\classes
2024-02-19 11:38:50,697 [Worker-71: Building] INFO  o.a.m.s.f.DefaultMavenResourcesFiltering - Copying 0 resource from src\main\resources to target\classes
2024-02-19 11:38:50,699 [Worker-71: Building] INFO  o.a.m.s.f.DefaultMavenResourcesFiltering - skip non existing resourceDirectory E:\Programação\Projetos\spring-boot\sbwork\src\test\resources
2024-02-19 11:39:13,503 [Worker-72: Building] INFO  o.a.m.s.f.DefaultMavenResourcesFiltering - Copying 2 resources from src\main\resources to target\classes
2024-02-19 11:39:13,571 [Worker-72: Building] INFO  o.a.m.s.f.DefaultMavenResourcesFiltering - Copying 0 resource from src\main\resources to target\classes
2024-02-19 11:39:13,574 [Worker-72: Building] INFO  o.a.m.s.f.DefaultMavenResourcesFiltering - skip non existing resourceDirectory E:\Programação\Projetos\spring-boot\sbwork\src\test\resources
2024-02-19 11:39:23,823 [Worker-65: Building] INFO  o.a.m.s.f.DefaultMavenResourcesFiltering - Copying 2 resources from src\main\resources to target\classes
2024-02-19 11:39:23,937 [Worker-65: Building] INFO  o.a.m.s.f.DefaultMavenResourcesFiltering - Copying 0 resource from src\main\resources to target\classes
2024-02-19 11:39:23,940 [Worker-65: Building] INFO  o.a.m.s.f.DefaultMavenResourcesFiltering - skip non existing resourceDirectory E:\Programação\Projetos\spring-boot\sbwork\src\test\resources
2024-02-19 11:39:40,064 [Worker-71: Building] INFO  o.a.m.s.f.DefaultMavenResourcesFiltering - Copying 2 resources from src\main\resources to target\classes
2024-02-19 11:39:40,074 [Worker-71: Building] INFO  o.a.m.s.f.DefaultMavenResourcesFiltering - Copying 0 resource from src\main\resources to target\classes
2024-02-19 11:39:40,076 [Worker-71: Building] INFO  o.a.m.s.f.DefaultMavenResourcesFiltering - skip non existing resourceDirectory E:\Programação\Projetos\spring-boot\sbwork\src\test\resources
2024-02-19 11:40:48,528 [Worker-69: Building] INFO  o.a.m.s.f.DefaultMavenResourcesFiltering - Copying 2 resources from src\main\resources to target\classes
2024-02-19 11:40:48,540 [Worker-69: Building] INFO  o.a.m.s.f.DefaultMavenResourcesFiltering - Copying 0 resource from src\main\resources to target\classes
2024-02-19 11:40:48,542 [Worker-69: Building] INFO  o.a.m.s.f.DefaultMavenResourcesFiltering - skip non existing resourceDirectory E:\Programação\Projetos\spring-boot\sbwork\src\test\resources
2024-02-19 11:41:05,933 [Worker-69: Building] INFO  o.a.m.s.f.DefaultMavenResourcesFiltering - Copying 2 resources from src\main\resources to target\classes
2024-02-19 11:41:05,949 [Worker-69: Building] INFO  o.a.m.s.f.DefaultMavenResourcesFiltering - Copying 0 resource from src\main\resources to target\classes
2024-02-19 11:41:05,952 [Worker-69: Building] INFO  o.a.m.s.f.DefaultMavenResourcesFiltering - skip non existing resourceDirectory E:\Programação\Projetos\spring-boot\sbwork\src\test\resources
2024-02-19 11:41:32,159 [Worker-70: Building] INFO  o.a.m.s.f.DefaultMavenResourcesFiltering - Copying 2 resources from src\main\resources to target\classes
2024-02-19 11:41:32,182 [Worker-70: Building] INFO  o.a.m.s.f.DefaultMavenResourcesFiltering - Copying 0 resource from src\main\resources to target\classes
2024-02-19 11:41:32,185 [Worker-70: Building] INFO  o.a.m.s.f.DefaultMavenResourcesFiltering - skip non existing resourceDirectory E:\Programação\Projetos\spring-boot\sbwork\src\test\resources
2024-02-19 11:42:21,114 [Worker-72: Building] INFO  o.a.m.s.f.DefaultMavenResourcesFiltering - Copying 2 resources from src\main\resources to target\classes
2024-02-19 11:42:21,122 [Worker-72: Building] INFO  o.a.m.s.f.DefaultMavenResourcesFiltering - Copying 0 resource from src\main\resources to target\classes
2024-02-19 11:42:21,125 [Worker-72: Building] INFO  o.a.m.s.f.DefaultMavenResourcesFiltering - skip non existing resourceDirectory E:\Programação\Projetos\spring-boot\sbwork\src\test\resources
2024-02-19 11:45:53,134 [Worker-70: Building] INFO  o.e.m.c.i.l.LifecycleMappingFactory - Using org.eclipse.m2e.jdt.JarLifecycleMapping lifecycle mapping for MavenProject: com.homework:sbwork:0.0.1-SNAPSHOT @ E:\Programação\Projetos\Projetos pessoais\SpringToolsSuit\xedfit-project\xedfit-backend\sbwork\pom.xml.
2024-02-19 11:45:53,894 [Worker-70: Building] INFO  o.a.m.s.f.DefaultMavenResourcesFiltering - Copying 2 resources from src\main\resources to target\classes
2024-02-19 11:45:54,035 [Worker-70: Building] INFO  o.a.m.s.f.DefaultMavenResourcesFiltering - Copying 0 resource from src\main\resources to target\classes
2024-02-19 11:45:54,039 [Worker-70: Building] INFO  o.a.m.s.f.DefaultMavenResourcesFiltering - skip non existing resourceDirectory E:\Programação\Projetos\Projetos pessoais\SpringToolsSuit\xedfit-project\xedfit-backend\sbwork\src\test\resources
2024-02-19 11:45:54,396 [Worker-64: Updating Maven Dependencies] INFO  o.e.m.c.i.l.LifecycleMappingFactory - Using org.eclipse.m2e.jdt.JarLifecycleMapping lifecycle mapping for MavenProject: com.homework:sbwork:0.0.1-SNAPSHOT @ E:\Programação\Projetos\Projetos pessoais\SpringToolsSuit\xedfit-project\xedfit-backend\sbwork\pom.xml.
2024-02-19 11:45:55,516 [Worker-70: Building] INFO  o.a.m.s.f.DefaultMavenResourcesFiltering - Copying 2 resources from src\main\resources to target\classes
2024-02-19 11:45:55,537 [Worker-70: Building] INFO  o.a.m.s.f.DefaultMavenResourcesFiltering - Copying 0 resource from src\main\resources to target\classes
2024-02-19 11:45:55,540 [Worker-70: Building] INFO  o.a.m.s.f.DefaultMavenResourcesFiltering - skip non existing resourceDirectory E:\Programação\Projetos\Projetos pessoais\SpringToolsSuit\xedfit-project\xedfit-backend\sbwork\src\test\resources
2024-02-19 11:47:25,008 [Worker-67: Building] INFO  o.e.m.c.i.l.LifecycleMappingFactory - Using org.eclipse.m2e.jdt.JarLifecycleMapping lifecycle mapping for MavenProject: com.homework:sbwork:0.0.1-SNAPSHOT @ E:\Programação\Projetos\Projetos pessoais\SpringToolsSuit\xedfit-project\xedfit-backend\sbwork\pom.xml.
2024-02-19 11:47:25,712 [Worker-67: Building] INFO  o.a.m.s.f.DefaultMavenResourcesFiltering - Copying 2 resources from src\main\resources to target\classes
2024-02-19 11:47:25,716 [Worker-67: Building] INFO  o.a.m.s.f.DefaultMavenResourcesFiltering - Copying 0 resource from src\main\resources to target\classes
2024-02-19 11:47:25,720 [Worker-67: Building] INFO  o.a.m.s.f.DefaultMavenResourcesFiltering - skip non existing resourceDirectory E:\Programação\Projetos\Projetos pessoais\SpringToolsSuit\xedfit-project\xedfit-backend\sbwork\src\test\resources
2024-02-19 11:47:27,775 [Worker-76: Building] INFO  o.a.m.s.f.DefaultMavenResourcesFiltering - Copying 2 resources from src\main\resources to target\classes
2024-02-19 11:47:27,799 [Worker-76: Building] INFO  o.a.m.s.f.DefaultMavenResourcesFiltering - Copying 0 resource from src\main\resources to target\classes
2024-02-19 11:47:27,804 [Worker-76: Building] INFO  o.a.m.s.f.DefaultMavenResourcesFiltering - skip non existing resourceDirectory E:\Programação\Projetos\Projetos pessoais\SpringToolsSuit\xedfit-project\xedfit-backend\sbwork\src\test\resources
2024-02-19 11:47:51,840 [Worker-77: Building] INFO  o.a.m.s.f.DefaultMavenResourcesFiltering - Copying 2 resources from src\main\resources to target\classes
2024-02-19 11:47:51,850 [Worker-77: Building] INFO  o.a.m.s.f.DefaultMavenResourcesFiltering - Copying 0 resource from src\main\resources to target\classes
2024-02-19 11:47:51,854 [Worker-77: Building] INFO  o.a.m.s.f.DefaultMavenResourcesFiltering - skip non existing resourceDirectory E:\Programação\Projetos\Projetos pessoais\SpringToolsSuit\xedfit-project\xedfit-backend\sbwork\src\test\resources
2024-02-19 11:47:54,498 [Worker-67: Building] INFO  o.a.m.s.f.DefaultMavenResourcesFiltering - Copying 2 resources from src\main\resources to target\classes
2024-02-19 11:47:54,512 [Worker-67: Building] INFO  o.a.m.s.f.DefaultMavenResourcesFiltering - Copying 0 resource from src\main\resources to target\classes
2024-02-19 11:47:54,516 [Worker-67: Building] INFO  o.a.m.s.f.DefaultMavenResourcesFiltering - skip non existing resourceDirectory E:\Programação\Projetos\Projetos pessoais\SpringToolsSuit\xedfit-project\xedfit-backend\sbwork\src\test\resources
2024-02-19 11:48:08,730 [Worker-75: Building] INFO  o.a.m.s.f.DefaultMavenResourcesFiltering - Copying 2 resources from src\main\resources to target\classes
2024-02-19 11:48:08,740 [Worker-75: Building] INFO  o.a.m.s.f.DefaultMavenResourcesFiltering - Copying 0 resource from src\main\resources to target\classes
2024-02-19 11:48:08,743 [Worker-75: Building] INFO  o.a.m.s.f.DefaultMavenResourcesFiltering - skip non existing resourceDirectory E:\Programação\Projetos\Projetos pessoais\SpringToolsSuit\xedfit-project\xedfit-backend\sbwork\src\test\resources
2024-02-19 11:48:18,072 [Worker-73: Building] INFO  o.a.m.s.f.DefaultMavenResourcesFiltering - Copying 2 resources from src\main\resources to target\classes
2024-02-19 11:48:18,085 [Worker-73: Building] INFO  o.a.m.s.f.DefaultMavenResourcesFiltering - Copying 0 resource from src\main\resources to target\classes
2024-02-19 11:48:18,135 [Worker-73: Building] INFO  o.a.m.s.f.DefaultMavenResourcesFiltering - skip non existing resourceDirectory E:\Programação\Projetos\Projetos pessoais\SpringToolsSuit\xedfit-project\xedfit-backend\sbwork\src\test\resources
2024-02-19 11:48:27,131 [Worker-64: Building] INFO  o.a.m.s.f.DefaultMavenResourcesFiltering - Copying 2 resources from src\main\resources to target\classes
2024-02-19 11:48:27,163 [Worker-64: Building] INFO  o.a.m.s.f.DefaultMavenResourcesFiltering - Copying 0 resource from src\main\resources to target\classes
2024-02-19 11:48:27,167 [Worker-64: Building] INFO  o.a.m.s.f.DefaultMavenResourcesFiltering - skip non existing resourceDirectory E:\Programação\Projetos\Projetos pessoais\SpringToolsSuit\xedfit-project\xedfit-backend\sbwork\src\test\resources
2024-02-19 11:48:29,946 [Worker-67: Building] INFO  o.a.m.s.f.DefaultMavenResourcesFiltering - Copying 2 resources from src\main\resources to target\classes
2024-02-19 11:48:29,954 [Worker-67: Building] INFO  o.a.m.s.f.DefaultMavenResourcesFiltering - Copying 0 resource from src\main\resources to target\classes
2024-02-19 11:48:29,957 [Worker-67: Building] INFO  o.a.m.s.f.DefaultMavenResourcesFiltering - skip non existing resourceDirectory E:\Programação\Projetos\Projetos pessoais\SpringToolsSuit\xedfit-project\xedfit-backend\sbwork\src\test\resources
2024-02-19 11:48:41,719 [Worker-76: Building] INFO  o.a.m.s.f.DefaultMavenResourcesFiltering - Copying 2 resources from src\main\resources to target\classes
2024-02-19 11:48:41,729 [Worker-76: Building] INFO  o.a.m.s.f.DefaultMavenResourcesFiltering - Copying 0 resource from src\main\resources to target\classes
2024-02-19 11:48:41,733 [Worker-76: Building] INFO  o.a.m.s.f.DefaultMavenResourcesFiltering - skip non existing resourceDirectory E:\Programação\Projetos\Projetos pessoais\SpringToolsSuit\xedfit-project\xedfit-backend\sbwork\src\test\resources
2024-02-19 11:48:48,941 [Worker-64: Building] INFO  o.a.m.s.f.DefaultMavenResourcesFiltering - Copying 2 resources from src\main\resources to target\classes
2024-02-19 11:48:48,951 [Worker-64: Building] INFO  o.a.m.s.f.DefaultMavenResourcesFiltering - Copying 0 resource from src\main\resources to target\classes
2024-02-19 11:48:48,953 [Worker-64: Building] INFO  o.a.m.s.f.DefaultMavenResourcesFiltering - skip non existing resourceDirectory E:\Programação\Projetos\Projetos pessoais\SpringToolsSuit\xedfit-project\xedfit-backend\sbwork\src\test\resources
2024-02-19 11:49:14,220 [Worker-75: Building] INFO  o.a.m.s.f.DefaultMavenResourcesFiltering - Copying 2 resources from src\main\resources to target\classes
2024-02-19 11:49:14,230 [Worker-75: Building] INFO  o.a.m.s.f.DefaultMavenResourcesFiltering - Copying 0 resource from src\main\resources to target\classes
2024-02-19 11:49:14,232 [Worker-75: Building] INFO  o.a.m.s.f.DefaultMavenResourcesFiltering - skip non existing resourceDirectory E:\Programação\Projetos\Projetos pessoais\SpringToolsSuit\xedfit-project\xedfit-backend\sbwork\src\test\resources
2024-02-19 11:49:21,636 [Worker-75: Building] INFO  o.a.m.s.f.DefaultMavenResourcesFiltering - Copying 2 resources from src\main\resources to target\classes
2024-02-19 11:49:21,647 [Worker-75: Building] INFO  o.a.m.s.f.DefaultMavenResourcesFiltering - Copying 0 resource from src\main\resources to target\classes
2024-02-19 11:49:21,651 [Worker-75: Building] INFO  o.a.m.s.f.DefaultMavenResourcesFiltering - skip non existing resourceDirectory E:\Programação\Projetos\Projetos pessoais\SpringToolsSuit\xedfit-project\xedfit-backend\sbwork\src\test\resources
2024-02-19 11:49:53,237 [Worker-70: Building] INFO  o.e.m.c.i.l.LifecycleMappingFactory - Using org.eclipse.m2e.jdt.JarLifecycleMapping lifecycle mapping for MavenProject: com.homework:sbwork:0.0.1-SNAPSHOT @ E:\Programação\Projetos\Projetos pessoais\SpringToolsSuit\xedfit-project\xedfit-backend\sbwork\pom.xml.
2024-02-19 11:49:54,039 [Worker-70: Building] INFO  o.a.m.s.f.DefaultMavenResourcesFiltering - Copying 0 resource from src\main\resources to target\classes
2024-02-19 11:49:54,040 [Worker-70: Building] INFO  o.a.m.s.f.DefaultMavenResourcesFiltering - Copying 0 resource from src\main\resources to target\classes
2024-02-19 11:49:54,044 [Worker-70: Building] INFO  o.a.m.s.f.DefaultMavenResourcesFiltering - skip non existing resourceDirectory E:\Programação\Projetos\Projetos pessoais\SpringToolsSuit\xedfit-project\xedfit-backend\sbwork\src\test\resources
2024-02-19 11:50:03,499 [Worker-73: Updating Maven Project] INFO  o.e.m.c.i.p.ProjectConfigurationManager - Update started
2024-02-19 11:50:03,694 [Worker-73: Updating Maven Project] INFO  o.e.m.c.i.l.LifecycleMappingFactory - Using org.eclipse.m2e.jdt.JarLifecycleMapping lifecycle mapping for MavenProject: com.homework:sbwork:0.0.1-SNAPSHOT @ E:\Programação\Projetos\Projetos pessoais\SpringToolsSuit\xedfit-project\xedfit-backend\sbwork\pom.xml.
2024-02-19 11:50:04,111 [Worker-73: Updating Maven Project] INFO  o.e.m.j.i.AbstractJavaProjectConfigurator - Adding source folder /xedfit/src/main/java
2024-02-19 11:50:04,112 [Worker-73: Updating Maven Project] INFO  o.e.m.j.i.AbstractJavaProjectConfigurator - Adding resource folder /xedfit/src/main/resources
2024-02-19 11:50:04,112 [Worker-73: Updating Maven Project] INFO  o.e.m.j.i.AbstractJavaProjectConfigurator - Adding resource folder /xedfit/src/main/resources
2024-02-19 11:50:04,112 [Worker-73: Updating Maven Project] INFO  o.e.m.j.i.AbstractJavaProjectConfigurator - Adding source folder /xedfit/src/test/java
2024-02-19 11:50:04,524 [Worker-73: Updating Maven Project] INFO  o.e.m.c.i.p.ProjectConfigurationManager - Update completed for 1 poms: local refresh takes 0,00 sec, refresh facades takes 0,00 sec, update config takes 0,00 sec 
2024-02-19 11:50:33,021 [Worker-75: Building] INFO  o.e.m.c.i.l.LifecycleMappingFactory - Using org.eclipse.m2e.jdt.JarLifecycleMapping lifecycle mapping for MavenProject: com.homework:sbwork:0.0.1-SNAPSHOT @ E:\Programação\Projetos\Projetos pessoais\SpringToolsSuit\xedfit-project\xedfit-backend\sbwork\pom.xml.
2024-02-19 11:50:33,723 [Worker-75: Building] INFO  o.a.m.s.f.DefaultMavenResourcesFiltering - Copying 0 resource from src\main\resources to target\classes
2024-02-19 11:50:33,723 [Worker-75: Building] INFO  o.a.m.s.f.DefaultMavenResourcesFiltering - Copying 0 resource from src\main\resources to target\classes
2024-02-19 11:50:33,727 [Worker-75: Building] INFO  o.a.m.s.f.DefaultMavenResourcesFiltering - skip non existing resourceDirectory E:\Programação\Projetos\Projetos pessoais\SpringToolsSuit\xedfit-project\xedfit-backend\sbwork\src\test\resources
2024-02-19 11:52:55,130 [Worker-76: Building] INFO  o.a.m.s.f.DefaultMavenResourcesFiltering - Copying 2 resources from src\main\resources to target\classes
2024-02-19 11:52:55,193 [Worker-76: Building] INFO  o.a.m.s.f.DefaultMavenResourcesFiltering - Copying 0 resource from src\main\resources to target\classes
2024-02-19 11:52:55,197 [Worker-76: Building] INFO  o.a.m.s.f.DefaultMavenResourcesFiltering - skip non existing resourceDirectory E:\Programação\Projetos\Projetos pessoais\SpringToolsSuit\xedfit-project\xedfit-backend\sbwork\src\test\resources
2024-02-19 11:53:04,912 [Worker-80: Building] INFO  o.a.m.s.f.DefaultMavenResourcesFiltering - Copying 2 resources from src\main\resources to target\classes
2024-02-19 11:53:04,923 [Worker-80: Building] INFO  o.a.m.s.f.DefaultMavenResourcesFiltering - Copying 0 resource from src\main\resources to target\classes
2024-02-19 11:53:04,926 [Worker-80: Building] INFO  o.a.m.s.f.DefaultMavenResourcesFiltering - skip non existing resourceDirectory E:\Programação\Projetos\Projetos pessoais\SpringToolsSuit\xedfit-project\xedfit-backend\sbwork\src\test\resources
2024-02-19 11:53:08,549 [Worker-76: Building] INFO  o.a.m.s.f.DefaultMavenResourcesFiltering - Copying 2 resources from src\main\resources to target\classes
2024-02-19 11:53:08,562 [Worker-76: Building] INFO  o.a.m.s.f.DefaultMavenResourcesFiltering - Copying 0 resource from src\main\resources to target\classes
2024-02-19 11:53:08,566 [Worker-76: Building] INFO  o.a.m.s.f.DefaultMavenResourcesFiltering - skip non existing resourceDirectory E:\Programação\Projetos\Projetos pessoais\SpringToolsSuit\xedfit-project\xedfit-backend\sbwork\src\test\resources
2024-02-19 11:53:32,914 [Worker-81: Building] INFO  o.a.m.s.f.DefaultMavenResourcesFiltering - Copying 2 resources from src\main\resources to target\classes
2024-02-19 11:53:32,924 [Worker-81: Building] INFO  o.a.m.s.f.DefaultMavenResourcesFiltering - Copying 0 resource from src\main\resources to target\classes
2024-02-19 11:53:32,928 [Worker-81: Building] INFO  o.a.m.s.f.DefaultMavenResourcesFiltering - skip non existing resourceDirectory E:\Programação\Projetos\Projetos pessoais\SpringToolsSuit\xedfit-project\xedfit-backend\sbwork\src\test\resources
2024-02-19 11:53:43,269 [Worker-81: Building] INFO  o.a.m.s.f.DefaultMavenResourcesFiltering - Copying 2 resources from src\main\resources to target\classes
2024-02-19 11:53:43,279 [Worker-81: Building] INFO  o.a.m.s.f.DefaultMavenResourcesFiltering - Copying 0 resource from src\main\resources to target\classes
2024-02-19 11:53:43,281 [Worker-81: Building] INFO  o.a.m.s.f.DefaultMavenResourcesFiltering - skip non existing resourceDirectory E:\Programação\Projetos\Projetos pessoais\SpringToolsSuit\xedfit-project\xedfit-backend\sbwork\src\test\resources
2024-02-19 11:53:47,548 [Worker-80: Building] INFO  o.a.m.s.f.DefaultMavenResourcesFiltering - Copying 2 resources from src\main\resources to target\classes
2024-02-19 11:53:47,558 [Worker-80: Building] INFO  o.a.m.s.f.DefaultMavenResourcesFiltering - Copying 0 resource from src\main\resources to target\classes
2024-02-19 11:53:47,559 [Worker-80: Building] INFO  o.a.m.s.f.DefaultMavenResourcesFiltering - skip non existing resourceDirectory E:\Programação\Projetos\Projetos pessoais\SpringToolsSuit\xedfit-project\xedfit-backend\sbwork\src\test\resources
2024-02-19 11:54:07,524 [Worker-73: Building] INFO  o.a.m.s.f.DefaultMavenResourcesFiltering - Copying 2 resources from src\main\resources to target\classes
2024-02-19 11:54:07,534 [Worker-73: Building] INFO  o.a.m.s.f.DefaultMavenResourcesFiltering - Copying 0 resource from src\main\resources to target\classes
2024-02-19 11:54:07,537 [Worker-73: Building] INFO  o.a.m.s.f.DefaultMavenResourcesFiltering - skip non existing resourceDirectory E:\Programação\Projetos\Projetos pessoais\SpringToolsSuit\xedfit-project\xedfit-backend\sbwork\src\test\resources
2024-02-19 11:54:12,945 [Worker-81: Building] INFO  o.a.m.s.f.DefaultMavenResourcesFiltering - Copying 2 resources from src\main\resources to target\classes
2024-02-19 11:54:12,954 [Worker-81: Building] INFO  o.a.m.s.f.DefaultMavenResourcesFiltering - Copying 0 resource from src\main\resources to target\classes
2024-02-19 11:54:12,956 [Worker-81: Building] INFO  o.a.m.s.f.DefaultMavenResourcesFiltering - skip non existing resourceDirectory E:\Programação\Projetos\Projetos pessoais\SpringToolsSuit\xedfit-project\xedfit-backend\sbwork\src\test\resources
2024-02-19 11:54:18,485 [Worker-79: Building] INFO  o.a.m.s.f.DefaultMavenResourcesFiltering - Copying 2 resources from src\main\resources to target\classes
2024-02-19 11:54:18,495 [Worker-79: Building] INFO  o.a.m.s.f.DefaultMavenResourcesFiltering - Copying 0 resource from src\main\resources to target\classes
2024-02-19 11:54:18,497 [Worker-79: Building] INFO  o.a.m.s.f.DefaultMavenResourcesFiltering - skip non existing resourceDirectory E:\Programação\Projetos\Projetos pessoais\SpringToolsSuit\xedfit-project\xedfit-backend\sbwork\src\test\resources
2024-02-19 11:54:40,676 [Worker-80: Building] INFO  o.a.m.s.f.DefaultMavenResourcesFiltering - Copying 2 resources from src\main\resources to target\classes
2024-02-19 11:54:40,687 [Worker-80: Building] INFO  o.a.m.s.f.DefaultMavenResourcesFiltering - Copying 0 resource from src\main\resources to target\classes
2024-02-19 11:54:40,690 [Worker-80: Building] INFO  o.a.m.s.f.DefaultMavenResourcesFiltering - skip non existing resourceDirectory E:\Programação\Projetos\Projetos pessoais\SpringToolsSuit\xedfit-project\xedfit-backend\sbwork\src\test\resources
2024-02-19 11:54:53,783 [Worker-73: Building] INFO  o.a.m.s.f.DefaultMavenResourcesFiltering - Copying 2 resources from src\main\resources to target\classes
2024-02-19 11:54:53,792 [Worker-73: Building] INFO  o.a.m.s.f.DefaultMavenResourcesFiltering - Copying 0 resource from src\main\resources to target\classes
2024-02-19 11:54:53,794 [Worker-73: Building] INFO  o.a.m.s.f.DefaultMavenResourcesFiltering - skip non existing resourceDirectory E:\Programação\Projetos\Projetos pessoais\SpringToolsSuit\xedfit-project\xedfit-backend\sbwork\src\test\resources
2024-02-19 11:55:03,541 [Worker-81: Building] INFO  o.a.m.s.f.DefaultMavenResourcesFiltering - Copying 2 resources from src\main\resources to target\classes
2024-02-19 11:55:03,551 [Worker-81: Building] INFO  o.a.m.s.f.DefaultMavenResourcesFiltering - Copying 0 resource from src\main\resources to target\classes
2024-02-19 11:55:03,553 [Worker-81: Building] INFO  o.a.m.s.f.DefaultMavenResourcesFiltering - skip non existing resourceDirectory E:\Programação\Projetos\Projetos pessoais\SpringToolsSuit\xedfit-project\xedfit-backend\sbwork\src\test\resources
2024-02-19 11:55:15,487 [Worker-78: Building] INFO  o.a.m.s.f.DefaultMavenResourcesFiltering - Copying 2 resources from src\main\resources to target\classes
2024-02-19 11:55:15,496 [Worker-78: Building] INFO  o.a.m.s.f.DefaultMavenResourcesFiltering - Copying 0 resource from src\main\resources to target\classes
2024-02-19 11:55:15,499 [Worker-78: Building] INFO  o.a.m.s.f.DefaultMavenResourcesFiltering - skip non existing resourceDirectory E:\Programação\Projetos\Projetos pessoais\SpringToolsSuit\xedfit-project\xedfit-backend\sbwork\src\test\resources
2024-02-19 11:55:36,956 [Worker-81: Building] INFO  o.a.m.s.f.DefaultMavenResourcesFiltering - Copying 2 resources from src\main\resources to target\classes
2024-02-19 11:55:36,966 [Worker-81: Building] INFO  o.a.m.s.f.DefaultMavenResourcesFiltering - Copying 0 resource from src\main\resources to target\classes
2024-02-19 11:55:36,969 [Worker-81: Building] INFO  o.a.m.s.f.DefaultMavenResourcesFiltering - skip non existing resourceDirectory E:\Programação\Projetos\Projetos pessoais\SpringToolsSuit\xedfit-project\xedfit-backend\sbwork\src\test\resources
2024-02-19 11:56:50,767 [Worker-78: Building] INFO  o.e.m.c.i.l.LifecycleMappingFactory - Using org.eclipse.m2e.jdt.JarLifecycleMapping lifecycle mapping for MavenProject: com.elevenidias:xedfit:0.0.1-SNAPSHOT @ E:\Programação\Projetos\Projetos pessoais\SpringToolsSuit\xedfit-project\xedfit-backend\xedfit\pom.xml.
2024-02-19 11:56:51,472 [Worker-78: Building] INFO  o.a.m.s.f.DefaultMavenResourcesFiltering - Copying 2 resources from src\main\resources to target\classes
2024-02-19 11:56:51,493 [Worker-78: Building] INFO  o.a.m.s.f.DefaultMavenResourcesFiltering - Copying 0 resource from src\main\resources to target\classes
2024-02-19 11:56:51,497 [Worker-78: Building] INFO  o.a.m.s.f.DefaultMavenResourcesFiltering - skip non existing resourceDirectory E:\Programação\Projetos\Projetos pessoais\SpringToolsSuit\xedfit-project\xedfit-backend\xedfit\src\test\resources
2024-02-19 11:56:52,093 [Worker-81: Updating Maven Dependencies] INFO  o.e.m.c.i.l.LifecycleMappingFactory - Using org.eclipse.m2e.jdt.JarLifecycleMapping lifecycle mapping for MavenProject: com.elevenidias:xedfit:0.0.1-SNAPSHOT @ E:\Programação\Projetos\Projetos pessoais\SpringToolsSuit\xedfit-project\xedfit-backend\xedfit\pom.xml.
2024-02-19 11:56:52,948 [Worker-81: Building] INFO  o.a.m.s.f.DefaultMavenResourcesFiltering - Copying 2 resources from src\main\resources to target\classes
2024-02-19 11:56:52,968 [Worker-81: Building] INFO  o.a.m.s.f.DefaultMavenResourcesFiltering - Copying 0 resource from src\main\resources to target\classes
2024-02-19 11:56:52,971 [Worker-81: Building] INFO  o.a.m.s.f.DefaultMavenResourcesFiltering - skip non existing resourceDirectory E:\Programação\Projetos\Projetos pessoais\SpringToolsSuit\xedfit-project\xedfit-backend\xedfit\src\test\resources
2024-02-19 11:58:50,514 [Worker-73: Building] INFO  o.a.m.s.f.DefaultMavenResourcesFiltering - Copying 2 resources from src\main\resources to target\classes
2024-02-19 11:58:50,525 [Worker-73: Building] INFO  o.a.m.s.f.DefaultMavenResourcesFiltering - Copying 0 resource from src\main\resources to target\classes
2024-02-19 11:58:50,527 [Worker-73: Building] INFO  o.a.m.s.f.DefaultMavenResourcesFiltering - skip non existing resourceDirectory E:\Programação\Projetos\Projetos pessoais\SpringToolsSuit\xedfit-project\xedfit-backend\xedfit\src\test\resources
2024-02-19 11:58:58,869 [Worker-73: Building] INFO  o.a.m.s.f.DefaultMavenResourcesFiltering - Copying 2 resources from src\main\resources to target\classes
2024-02-19 11:58:58,878 [Worker-73: Building] INFO  o.a.m.s.f.DefaultMavenResourcesFiltering - Copying 0 resource from src\main\resources to target\classes
2024-02-19 11:58:58,880 [Worker-73: Building] INFO  o.a.m.s.f.DefaultMavenResourcesFiltering - skip non existing resourceDirectory E:\Programação\Projetos\Projetos pessoais\SpringToolsSuit\xedfit-project\xedfit-backend\xedfit\src\test\resources
2024-02-19 11:59:05,282 [Worker-78: Building] INFO  o.a.m.s.f.DefaultMavenResourcesFiltering - Copying 2 resources from src\main\resources to target\classes
2024-02-19 11:59:05,291 [Worker-78: Building] INFO  o.a.m.s.f.DefaultMavenResourcesFiltering - Copying 0 resource from src\main\resources to target\classes
2024-02-19 11:59:05,293 [Worker-78: Building] INFO  o.a.m.s.f.DefaultMavenResourcesFiltering - skip non existing resourceDirectory E:\Programação\Projetos\Projetos pessoais\SpringToolsSuit\xedfit-project\xedfit-backend\xedfit\src\test\resources
2024-02-19 11:59:09,640 [Worker-78: Building] INFO  o.a.m.s.f.DefaultMavenResourcesFiltering - Copying 2 resources from src\main\resources to target\classes
2024-02-19 11:59:09,651 [Worker-78: Building] INFO  o.a.m.s.f.DefaultMavenResourcesFiltering - Copying 0 resource from src\main\resources to target\classes
2024-02-19 11:59:09,653 [Worker-78: Building] INFO  o.a.m.s.f.DefaultMavenResourcesFiltering - skip non existing resourceDirectory E:\Programação\Projetos\Projetos pessoais\SpringToolsSuit\xedfit-project\xedfit-backend\xedfit\src\test\resources
2024-02-19 11:59:19,049 [Worker-79: Building] INFO  o.a.m.s.f.DefaultMavenResourcesFiltering - Copying 2 resources from src\main\resources to target\classes
2024-02-19 11:59:19,061 [Worker-79: Building] INFO  o.a.m.s.f.DefaultMavenResourcesFiltering - Copying 0 resource from src\main\resources to target\classes
2024-02-19 11:59:19,063 [Worker-79: Building] INFO  o.a.m.s.f.DefaultMavenResourcesFiltering - skip non existing resourceDirectory E:\Programação\Projetos\Projetos pessoais\SpringToolsSuit\xedfit-project\xedfit-backend\xedfit\src\test\resources
2024-02-19 11:59:24,558 [Worker-70: Building] INFO  o.a.m.s.f.DefaultMavenResourcesFiltering - Copying 2 resources from src\main\resources to target\classes
2024-02-19 11:59:24,566 [Worker-70: Building] INFO  o.a.m.s.f.DefaultMavenResourcesFiltering - Copying 0 resource from src\main\resources to target\classes
2024-02-19 11:59:24,568 [Worker-70: Building] INFO  o.a.m.s.f.DefaultMavenResourcesFiltering - skip non existing resourceDirectory E:\Programação\Projetos\Projetos pessoais\SpringToolsSuit\xedfit-project\xedfit-backend\xedfit\src\test\resources
2024-02-19 11:59:31,093 [Worker-76: Building] INFO  o.a.m.s.f.DefaultMavenResourcesFiltering - Copying 2 resources from src\main\resources to target\classes
2024-02-19 11:59:31,102 [Worker-76: Building] INFO  o.a.m.s.f.DefaultMavenResourcesFiltering - Copying 0 resource from src\main\resources to target\classes
2024-02-19 11:59:31,106 [Worker-76: Building] INFO  o.a.m.s.f.DefaultMavenResourcesFiltering - skip non existing resourceDirectory E:\Programação\Projetos\Projetos pessoais\SpringToolsSuit\xedfit-project\xedfit-backend\xedfit\src\test\resources
2024-02-19 12:00:18,075 [Worker-79: Building] INFO  o.a.m.s.f.DefaultMavenResourcesFiltering - Copying 2 resources from src\main\resources to target\classes
2024-02-19 12:00:18,086 [Worker-79: Building] INFO  o.a.m.s.f.DefaultMavenResourcesFiltering - Copying 0 resource from src\main\resources to target\classes
2024-02-19 12:00:18,088 [Worker-79: Building] INFO  o.a.m.s.f.DefaultMavenResourcesFiltering - skip non existing resourceDirectory E:\Programação\Projetos\Projetos pessoais\SpringToolsSuit\xedfit-project\xedfit-backend\xedfit\src\test\resources
2024-02-19 12:00:37,261 [Worker-76: Building] INFO  o.a.m.s.f.DefaultMavenResourcesFiltering - Copying 2 resources from src\main\resources to target\classes
2024-02-19 12:00:37,272 [Worker-76: Building] INFO  o.a.m.s.f.DefaultMavenResourcesFiltering - Copying 0 resource from src\main\resources to target\classes
2024-02-19 12:00:37,274 [Worker-76: Building] INFO  o.a.m.s.f.DefaultMavenResourcesFiltering - skip non existing resourceDirectory E:\Programação\Projetos\Projetos pessoais\SpringToolsSuit\xedfit-project\xedfit-backend\xedfit\src\test\resources
2024-02-19 12:00:46,591 [Worker-79: Building] INFO  o.a.m.s.f.DefaultMavenResourcesFiltering - Copying 2 resources from src\main\resources to target\classes
2024-02-19 12:00:46,598 [Worker-79: Building] INFO  o.a.m.s.f.DefaultMavenResourcesFiltering - Copying 0 resource from src\main\resources to target\classes
2024-02-19 12:00:46,600 [Worker-79: Building] INFO  o.a.m.s.f.DefaultMavenResourcesFiltering - skip non existing resourceDirectory E:\Programação\Projetos\Projetos pessoais\SpringToolsSuit\xedfit-project\xedfit-backend\xedfit\src\test\resources
2024-02-19 12:02:10,785 [Worker-80: Building] INFO  o.a.m.s.f.DefaultMavenResourcesFiltering - Copying 2 resources from src\main\resources to target\classes
2024-02-19 12:02:10,794 [Worker-80: Building] INFO  o.a.m.s.f.DefaultMavenResourcesFiltering - Copying 0 resource from src\main\resources to target\classes
2024-02-19 12:02:10,797 [Worker-80: Building] INFO  o.a.m.s.f.DefaultMavenResourcesFiltering - skip non existing resourceDirectory E:\Programação\Projetos\Projetos pessoais\SpringToolsSuit\xedfit-project\xedfit-backend\xedfit\src\test\resources
2024-02-19 12:02:25,909 [Worker-76: Building] INFO  o.a.m.s.f.DefaultMavenResourcesFiltering - Copying 2 resources from src\main\resources to target\classes
2024-02-19 12:02:25,917 [Worker-76: Building] INFO  o.a.m.s.f.DefaultMavenResourcesFiltering - Copying 0 resource from src\main\resources to target\classes
2024-02-19 12:02:25,919 [Worker-76: Building] INFO  o.a.m.s.f.DefaultMavenResourcesFiltering - skip non existing resourceDirectory E:\Programação\Projetos\Projetos pessoais\SpringToolsSuit\xedfit-project\xedfit-backend\xedfit\src\test\resources
